Using pre-set license
Built from '2020.3/staging' branch; Version is '2020.3.26f1 (7298b473bc1a) revision 7510196'; Using compiler version '192528614'; Build Type 'Release'
OS: 'Windows 11  (10.0.22621) 64bit Core' Language: 'en' Physical Memory: 15776 MB
BatchMode: 1, IsHumanControllingUs: 0, StartBugReporterOnCrash: 0, Is64bit: 1, IsPro: 0

COMMAND LINE ARGUMENTS:
C:\Program Files\Unity\Hub\Editor\2020.3.26f1\Editor\Unity.exe
-adb2
-batchMode
-noUpm
-name
AssetImportWorker1
-projectPath
C:/Projects/Zong-Test-main/Zong-Test-main/Zong-Test
-logFile
Logs/AssetImportWorker1.log
-srvPort
50061
Successfully changed project path to: C:/Projects/Zong-Test-main/Zong-Test-main/Zong-Test
C:/Projects/Zong-Test-main/Zong-Test-main/Zong-Test
Using Asset Import Pipeline V2.
Refreshing native plugins compatible for Editor in 37.57 ms, found 3 plugins.
Preloading 1 native plugins for Editor in 0.72 ms.
Initialize engine version: 2020.3.26f1 (7298b473bc1a)
[Subsystems] Discovering subsystems at path C:/Program Files/Unity/Hub/Editor/2020.3.26f1/Editor/Data/Resources/UnitySubsystems
[Subsystems] Discovering subsystems at path C:/Projects/Zong-Test-main/Zong-Test-main/Zong-Test/Assets
GfxDevice: creating device client; threaded=0
Direct3D:
    Version:  Direct3D 11.0 [level 11.1]
    Renderer: Microsoft Basic Render Driver (ID=0x8c)
    Vendor:   
    VRAM:     7888 MB
received signal from system: SIGSEGV
Stack trace:
0x00007ff6f2ed8e1c (Unity) 
0x00007ff6f2ee0219 (Unity) 
0x00007ff6f3c3d62c (Unity) 
0x00007ff6f2ed8494 (Unity) 
0x00007ff6f532c8a2 (Unity) 
0x00007ff6f53efe79 (Unity) 
0x00007ff6f52f9da8 (Unity) 
0x00007ff87d753eaf (ntdll) _chkstk
0x00007ff87d6ceae6 (ntdll) RtlFindCharInUnicodeString
0x00007ff87d752e9e (ntdll) KiUserExceptionDispatcher
0x00007ff6f281d156 (Unity) 
0x00007ff6f281c92a (Unity) 
0x00007ff6f2819174 (Unity) 
0x00007ff6f2813295 (Unity) 
0x00007ff6f28180ac (Unity) 
0x00007ff6f20de3be (Unity) 
0x00007ff6f20de509 (Unity) 
0x00007ff6f20de45e (Unity) 
0x00007ff6f4702556 (Unity) 
0x00007ff6f4702fb9 (Unity) 
0x00007ff6f2c43d1c (Unity) 
0x00007ff6f2bc6b9c (Unity) 
0x00007ff6f46efc72 (Unity) 
0x00007ff6f46eee2b (Unity) 
0x00007ff6f2eb2a0f (Unity) 
0x00007ff6f2eb33a2 (Unity) 
0x00007ff6f2eb3503 (Unity) 
0x00007ff6f2e85f71 (Unity) 
0x00007ff6f2e86ab7 (Unity) 
0x00007ff6f2e8a0b2 (Unity) 
0x00007ff6f2c340b9 (Unity) 
0x00007ff6f2eb2a0f (Unity) 
0x00007ff6f2eb33a2 (Unity) 
0x00007ff6f2eb3503 (Unity) 
0x00007ff6f2e85f71 (Unity) 
0x00007ff6f2e86c17 (Unity) 
0x00007ff6f36cb0de (Unity) 
0x00007ff6f2b36812 (Unity) 
0x00007ff6f37f21c3 (Unity) 
0x00007ff6f3c47ae2 (Unity) 
0x00007ff6f52d75e2 (Unity) 
0x00007ff87d1826bd (KERNEL32) BaseThreadInitThunk
0x00007ff87d70dfb8 (ntdll) RtlUserThreadStart

Crash!!!
SymInit: Symbol-SearchPath: '.;C:\Projects\Zong-Test-main\Zong-Test-main\Zong-Test;C:\Program Files\Unity\Hub\Editor\2020.3.26f1\Editor;C:\WINDOWS;C:\WINDOWS\system32;SRV*C:\websymbols*http://msdl.microsoft.com/download/symbols;', symOptions: 534, UserName: 'my pc'
OS-Version: 10.0.0
C:\Program Files\Unity\Hub\Editor\2020.3.26f1\Editor\Unity.exe:Unity.exe (00007FF6F1FB0000), size: 83218432 (result: 0), SymType: '-nosymbols-', PDB: 'C:\Program Files\Unity\Hub\Editor\2020.3.26f1\Editor\Unity.exe', fileVersion: 2020.3.26.39092
C:\WINDOWS\SYSTEM32\ntdll.dll:ntdll.dll (00007FF87D6B0000), size: 2179072 (result: 0), SymType: '-exported-', PDB: 'C:\WINDOWS\SYSTEM32\ntdll.dll', fileVersion: 10.0.22621.900
C:\WINDOWS\System32\KERNEL32.DLL:KERNEL32.DLL (00007FF87D170000), size: 798720 (result: 0), SymType: '-exported-', PDB: 'C:\WINDOWS\System32\KERNEL32.DLL', fileVersion: 10.0.22621.963
C:\WINDOWS\System32\KERNELBASE.dll:KERNELBASE.dll (00007FF87AEB0000), size: 3788800 (result: 0), SymType: '-exported-', PDB: 'C:\WINDOWS\System32\KERNELBASE.dll', fileVersion: 10.0.22621.963
C:\WINDOWS\System32\CRYPT32.dll:CRYPT32.dll (00007FF87AC20000), size: 1466368 (result: 0), SymType: '-exported-', PDB: 'C:\WINDOWS\System32\CRYPT32.dll', fileVersion: 10.0.22621.674
C:\WINDOWS\System32\ucrtbase.dll:ucrtbase.dll (00007FF87AD90000), size: 1118208 (result: 0), SymType: '-exported-', PDB: 'C:\WINDOWS\System32\ucrtbase.dll', fileVersion: 10.0.22621.608
C:\WINDOWS\System32\USER32.dll:USER32.dll (00007FF87C830000), size: 1757184 (result: 0), SymType: '-exported-', PDB: 'C:\WINDOWS\System32\USER32.dll', fileVersion: 10.0.22621.900
C:\WINDOWS\System32\win32u.dll:win32u.dll (00007FF87ABF0000), size: 155648 (result: 0), SymType: '-exported-', PDB: 'C:\WINDOWS\System32\win32u.dll', fileVersion: 10.0.22621.963
C:\Program Files\Unity\Hub\Editor\2020.3.26f1\Editor\libfbxsdk.dll:libfbxsdk.dll (00007FF8208E0000), size: 10215424 (result: 0), SymType: '-nosymbols-', PDB: 'C:\Program Files\Unity\Hub\Editor\2020.3.26f1\Editor\libfbxsdk.dll', fileVersion: 2020.2.0.0
C:\WINDOWS\System32\GDI32.dll:GDI32.dll (00007FF87CC70000), size: 167936 (result: 0), SymType: '-exported-', PDB: 'C:\WINDOWS\System32\GDI32.dll', fileVersion: 10.0.22621.608
C:\Program Files\Unity\Hub\Editor\2020.3.26f1\Editor\optix.6.0.0.dll:optix.6.0.0.dll (00007FF8680E0000), size: 208896 (result: 0), SymType: '-exported-', PDB: 'C:\Program Files\Unity\Hub\Editor\2020.3.26f1\Editor\optix.6.0.0.dll', fileVersion: 6.0.0.0
C:\Program Files\Unity\Hub\Editor\2020.3.26f1\Editor\OpenImageDenoise.dll:OpenImageDenoise.dll (00007FFFC2F80000), size: 43806720 (result: 0), SymType: '-exported-', PDB: 'C:\Program Files\Unity\Hub\Editor\2020.3.26f1\Editor\OpenImageDenoise.dll'
C:\WINDOWS\System32\gdi32full.dll:gdi32full.dll (00007FF87B250000), size: 1122304 (result: 0), SymType: '-nosymbols-', PDB: 'C:\WINDOWS\System32\gdi32full.dll', fileVersion: 10.0.22621.963
C:\WINDOWS\System32\msvcp_win.dll:msvcp_win.dll (00007FF87AB50000), size: 630784 (result: 0), SymType: '-nosymbols-', PDB: 'C:\WINDOWS\System32\msvcp_win.dll', fileVersion: 10.0.22621.608
C:\WINDOWS\System32\ADVAPI32.dll:ADVAPI32.dll (00007FF87C9E0000), size: 712704 (result: 0), SymType: '-nosymbols-', PDB: 'C:\WINDOWS\System32\ADVAPI32.dll', fileVersion: 10.0.22621.608
C:\WINDOWS\System32\msvcrt.dll:msvcrt.dll (00007FF87B670000), size: 684032 (result: 0), SymType: '-nosymbols-', PDB: 'C:\WINDOWS\System32\msvcrt.dll', fileVersion: 7.0.22621.608
C:\WINDOWS\System32\sechost.dll:sechost.dll (00007FF87C780000), size: 671744 (result: 0), SymType: '-nosymbols-', PDB: 'C:\WINDOWS\System32\sechost.dll', fileVersion: 10.0.22621.608
C:\Program Files\Unity\Hub\Editor\2020.3.26f1\Editor\umbraoptimizer64.dll:umbraoptimizer64.dll (00007FF82B7A0000), size: 1306624 (result: 0), SymType: '-exported-', PDB: 'C:\Program Files\Unity\Hub\Editor\2020.3.26f1\Editor\umbraoptimizer64.dll'
C:\Program Files\Unity\Hub\Editor\2020.3.26f1\Editor\ispc_texcomp.dll:ispc_texcomp.dll (00007FF824220000), size: 1609728 (result: 0), SymType: '-exported-', PDB: 'C:\Program Files\Unity\Hub\Editor\2020.3.26f1\Editor\ispc_texcomp.dll'
C:\Program Files\Unity\Hub\Editor\2020.3.26f1\Editor\FreeImage.dll:FreeImage.dll (0000000180000000), size: 6582272 (result: 0), SymType: '-nosymbols-', PDB: 'C:\Program Files\Unity\Hub\Editor\2020.3.26f1\Editor\FreeImage.dll', fileVersion: 3.18.0.0
C:\WINDOWS\System32\WS2_32.dll:WS2_32.dll (00007FF87CCA0000), size: 462848 (result: 0), SymType: '-nosymbols-', PDB: 'C:\WINDOWS\System32\WS2_32.dll', fileVersion: 10.0.22621.1
C:\WINDOWS\System32\RPCRT4.dll:RPCRT4.dll (00007FF87D390000), size: 1134592 (result: 0), SymType: '-nosymbols-', PDB: 'C:\WINDOWS\System32\RPCRT4.dll', fileVersion: 10.0.22621.1
C:\WINDOWS\System32\WLDAP32.dll:WLDAP32.dll (00007FF87B720000), size: 397312 (result: 0), SymType: '-nosymbols-', PDB: 'C:\WINDOWS\System32\WLDAP32.dll', fileVersion: 10.0.22621.608
C:\WINDOWS\System32\SHELL32.dll:SHELL32.dll (00007FF87BF90000), size: 8318976 (result: 0), SymType: '-nosymbols-', PDB: 'C:\WINDOWS\System32\SHELL32.dll', fileVersion: 10.0.22621.900
C:\WINDOWS\System32\Normaliz.dll:Normaliz.dll (00007FF87BC60000), size: 32768 (result: 0), SymType: '-nosymbols-', PDB: 'C:\WINDOWS\System32\Normaliz.dll', fileVersion: 10.0.22621.1
C:\WINDOWS\System32\SHLWAPI.dll:SHLWAPI.dll (00007FF87D110000), size: 385024 (result: 0), SymType: '-nosymbols-', PDB: 'C:\WINDOWS\System32\SHLWAPI.dll', fileVersion: 10.0.22621.608
C:\Program Files\Unity\Hub\Editor\2020.3.26f1\Editor\WinPixEventRuntime.dll:WinPixEventRuntime.dll (00007FF8696F0000), size: 45056 (result: 0), SymType: '-nosymbols-', PDB: 'C:\Program Files\Unity\Hub\Editor\2020.3.26f1\Editor\WinPixEventRuntime.dll', fileVersion: 1.0.1812.6001
C:\WINDOWS\System32\ole32.dll:ole32.dll (00007FF87BDF0000), size: 1687552 (result: 0), SymType: '-nosymbols-', PDB: 'C:\WINDOWS\System32\ole32.dll', fileVersion: 10.0.22621.608
C:\WINDOWS\System32\combase.dll:combase.dll (00007FF87CD20000), size: 3710976 (result: 0), SymType: '-nosymbols-', PDB: 'C:\WINDOWS\System32\combase.dll', fileVersion: 10.0.22621.900
C:\Program Files\Unity\Hub\Editor\2020.3.26f1\Editor\tbb.dll:tbb.dll (00007FF867B80000), size: 413696 (result: 0), SymType: '-nosymbols-', PDB: 'C:\Program Files\Unity\Hub\Editor\2020.3.26f1\Editor\tbb.dll', fileVersion: 2017.0.2016.1004
C:\WINDOWS\System32\IMM32.dll:IMM32.dll (00007FF87B530000), size: 204800 (result: 0), SymType: '-nosymbols-', PDB: 'C:\WINDOWS\System32\IMM32.dll', fileVersion: 10.0.22621.755
C:\WINDOWS\System32\SETUPAPI.dll:SETUPAPI.dll (00007FF87B790000), size: 4694016 (result: 0), SymType: '-nosymbols-', PDB: 'C:\WINDOWS\System32\SETUPAPI.dll', fileVersion: 10.0.22621.755
C:\WINDOWS\SYSTEM32\VCRUNTIME140.dll:VCRUNTIME140.dll (00007FF8675A0000), size: 110592 (result: 0), SymType: '-exported-', PDB: 'C:\WINDOWS\SYSTEM32\VCRUNTIME140.dll', fileVersion: 14.31.31103.0
C:\WINDOWS\System32\OLEAUT32.dll:OLEAUT32.dll (00007FF87BCF0000), size: 880640 (result: 0), SymType: '-exported-', PDB: 'C:\WINDOWS\System32\OLEAUT32.dll', fileVersion: 10.0.22621.608
C:\WINDOWS\System32\WINTRUST.dll:WINTRUST.dll (00007FF87B430000), size: 438272 (result: 0), SymType: '-nosymbols-', PDB: 'C:\WINDOWS\System32\WINTRUST.dll', fileVersion: 10.0.22621.900
C:\WINDOWS\SYSTEM32\MSVCP140.dll:MSVCP140.dll (00007FF866740000), size: 581632 (result: 0), SymType: '-nosymbols-', PDB: 'C:\WINDOWS\SYSTEM32\MSVCP140.dll', fileVersion: 14.31.31103.0
C:\WINDOWS\SYSTEM32\OPENGL32.dll:OPENGL32.dll (00007FF802F10000), size: 1048576 (result: 0), SymType: '-nosymbols-', PDB: 'C:\WINDOWS\SYSTEM32\OPENGL32.dll', fileVersion: 10.0.22621.608
C:\WINDOWS\SYSTEM32\GLU32.dll:GLU32.dll (00007FF802970000), size: 184320 (result: 0), SymType: '-nosymbols-', PDB: 'C:\WINDOWS\SYSTEM32\GLU32.dll', fileVersion: 10.0.22621.608
C:\WINDOWS\SYSTEM32\MSVCP120.dll:MSVCP120.dll (00007FF85F0C0000), size: 679936 (result: 0), SymType: '-nosymbols-', PDB: 'C:\WINDOWS\SYSTEM32\MSVCP120.dll', fileVersion: 12.0.40664.0
C:\WINDOWS\SYSTEM32\MSVCR120.dll:MSVCR120.dll (00007FF862160000), size: 978944 (result: 0), SymType: '-nosymbols-', PDB: 'C:\WINDOWS\SYSTEM32\MSVCR120.dll', fileVersion: 12.0.40664.0
C:\WINDOWS\SYSTEM32\IPHLPAPI.DLL:IPHLPAPI.DLL (00007FF8796A0000), size: 184320 (result: 0), SymType: '-nosymbols-', PDB: 'C:\WINDOWS\SYSTEM32\IPHLPAPI.DLL', fileVersion: 10.0.22621.1
C:\WINDOWS\SYSTEM32\WINHTTP.dll:WINHTTP.dll (00007FF875900000), size: 1241088 (result: 0), SymType: '-nosymbols-', PDB: 'C:\WINDOWS\SYSTEM32\WINHTTP.dll', fileVersion: 10.0.22621.608
C:\WINDOWS\SYSTEM32\WINMM.dll:WINMM.dll (00007FF878580000), size: 212992 (result: 0), SymType: '-exported-', PDB: 'C:\WINDOWS\SYSTEM32\WINMM.dll', fileVersion: 10.0.22621.608
C:\WINDOWS\SYSTEM32\bcrypt.dll:bcrypt.dll (00007FF87A470000), size: 163840 (result: 0), SymType: '-nosymbols-', PDB: 'C:\WINDOWS\SYSTEM32\bcrypt.dll', fileVersion: 10.0.22621.1
C:\WINDOWS\SYSTEM32\HID.DLL:HID.DLL (00007FF8793E0000), size: 57344 (result: 0), SymType: '-nosymbols-', PDB: 'C:\WINDOWS\SYSTEM32\HID.DLL', fileVersion: 10.0.22621.1
C:\Program Files\Unity\Hub\Editor\2020.3.26f1\Editor\RadeonImageFilters.dll:RadeonImageFilters.dll (00007FF822B50000), size: 2535424 (result: 0), SymType: '-nosymbols-', PDB: 'C:\Program Files\Unity\Hub\Editor\2020.3.26f1\Editor\RadeonImageFilters.dll', fileVersion: 1.5.1.0
C:\Program Files\Unity\Hub\Editor\2020.3.26f1\Editor\SketchUpAPI.dll:SketchUpAPI.dll (00007FF820050000), size: 8978432 (result: 0), SymType: '-nosymbols-', PDB: 'C:\Program Files\Unity\Hub\Editor\2020.3.26f1\Editor\SketchUpAPI.dll', fileVersion: 19.0.753.0
C:\WINDOWS\SYSTEM32\VERSION.dll:VERSION.dll (00007FF8741C0000), size: 40960 (result: 0), SymType: '-nosymbols-', PDB: 'C:\WINDOWS\SYSTEM32\VERSION.dll', fileVersion: 10.0.22621.1
C:\WINDOWS\SYSTEM32\WSOCK32.dll:WSOCK32.dll (00007FF862470000), size: 36864 (result: 0), SymType: '-nosymbols-', PDB: 'C:\WINDOWS\SYSTEM32\WSOCK32.dll', fileVersion: 10.0.22621.1
C:\WINDOWS\SYSTEM32\VCRUNTIME140_1.dll:VCRUNTIME140_1.dll (00007FF867590000), size: 49152 (result: 0), SymType: '-nosymbols-', PDB: 'C:\WINDOWS\SYSTEM32\VCRUNTIME140_1.dll', fileVersion: 14.31.31103.0
C:\Program Files\Unity\Hub\Editor\2020.3.26f1\Editor\SketchUpCommonPreferences.dll:SketchUpCommonPreferences.dll (00007FF85ABC0000), size: 483328 (result: 0), SymType: '-nosymbols-', PDB: 'C:\Program Files\Unity\Hub\Editor\2020.3.26f1\Editor\SketchUpCommonPreferences.dll', fileVersion: 19.0.753.20342
C:\WINDOWS\SYSTEM32\dxcore.dll:dxcore.dll (00007FF877D80000), size: 221184 (result: 0), SymType: '-nosymbols-', PDB: 'C:\WINDOWS\SYSTEM32\dxcore.dll', fileVersion: 10.0.22621.608
C:\WINDOWS\SYSTEM32\Secur32.dll:Secur32.dll (00007FF85FE50000), size: 49152 (result: 0), SymType: '-nosymbols-', PDB: 'C:\WINDOWS\SYSTEM32\Secur32.dll', fileVersion: 10.0.22621.1
C:\WINDOWS\SYSTEM32\SSPICLI.DLL:SSPICLI.DLL (00007FF879E70000), size: 270336 (result: 0), SymType: '-nosymbols-', PDB: 'C:\WINDOWS\SYSTEM32\SSPICLI.DLL', fileVersion: 10.0.22621.674
C:\Program Files\Unity\Hub\Editor\2020.3.26f1\Editor\OpenRL.dll:OpenRL.dll (000001B244A30000), size: 12779520 (result: 0), SymType: '-nosymbols-', PDB: 'C:\Program Files\Unity\Hub\Editor\2020.3.26f1\Editor\OpenRL.dll', fileVersion: 1.5.0.2907
C:\WINDOWS\SYSTEM32\MSVCR100.dll:MSVCR100.dll (0000000055E40000), size: 860160 (result: 0), SymType: '-exported-', PDB: 'C:\WINDOWS\SYSTEM32\MSVCR100.dll', fileVersion: 10.0.40219.325
C:\WINDOWS\SYSTEM32\MSVCP100.dll:MSVCP100.dll (0000000055DA0000), size: 622592 (result: 0), SymType: '-nosymbols-', PDB: 'C:\WINDOWS\SYSTEM32\MSVCP100.dll', fileVersion: 10.0.40219.325
C:\Program Files\Unity\Hub\Editor\2020.3.26f1\Editor\embree.dll:embree.dll (00007FF81DCE0000), size: 16711680 (result: 0), SymType: '-exported-', PDB: 'C:\Program Files\Unity\Hub\Editor\2020.3.26f1\Editor\embree.dll', fileVersion: 2.14.0.0
C:\WINDOWS\SYSTEM32\cfgmgr32.DLL:cfgmgr32.DLL (00007FF87A7A0000), size: 319488 (result: 0), SymType: '-nosymbols-', PDB: 'C:\WINDOWS\SYSTEM32\cfgmgr32.DLL', fileVersion: 10.0.22621.755
C:\WINDOWS\SYSTEM32\MSWSOCK.DLL:MSWSOCK.DLL (00007FF87A080000), size: 430080 (result: 0), SymType: '-exported-', PDB: 'C:\WINDOWS\SYSTEM32\MSWSOCK.DLL', fileVersion: 10.0.22621.1
C:\Program Files\Unity\Hub\Editor\2020.3.26f1\Editor\OpenRL_pthread.dll:OpenRL_pthread.dll (000001B245680000), size: 61440 (result: 0), SymType: '-nosymbols-', PDB: 'C:\Program Files\Unity\Hub\Editor\2020.3.26f1\Editor\OpenRL_pthread.dll', fileVersion: 2.9.0.0
C:\WINDOWS\SYSTEM32\MSASN1.dll:MSASN1.dll (00007FF87A820000), size: 73728 (result: 0), SymType: '-nosymbols-', PDB: 'C:\WINDOWS\SYSTEM32\MSASN1.dll', fileVersion: 10.0.22621.819
C:\WINDOWS\SYSTEM32\kernel.appcore.dll:kernel.appcore.dll (00007FF879C20000), size: 98304 (result: 0), SymType: '-nosymbols-', PDB: 'C:\WINDOWS\SYSTEM32\kernel.appcore.dll', fileVersion: 10.0.22621.1
C:\WINDOWS\System32\bcryptPrimitives.dll:bcryptPrimitives.dll (00007FF87AAD0000), size: 503808 (result: 0), SymType: '-nosymbols-', PDB: 'C:\WINDOWS\System32\bcryptPrimitives.dll', fileVersion: 10.0.22621.1
C:\WINDOWS\system32\uxtheme.dll:uxtheme.dll (00007FF877A90000), size: 700416 (result: 0), SymType: '-nosymbols-', PDB: 'C:\WINDOWS\system32\uxtheme.dll', fileVersion: 10.0.22621.608
C:\WINDOWS\System32\shcore.dll:shcore.dll (00007FF87B570000), size: 987136 (result: 0), SymType: '-nosymbols-', PDB: 'C:\WINDOWS\System32\shcore.dll', fileVersion: 10.0.22621.900
C:\WINDOWS\SYSTEM32\windows.storage.dll:windows.storage.dll (00007FF878B10000), size: 9207808 (result: 0), SymType: '-nosymbols-', PDB: 'C:\WINDOWS\SYSTEM32\windows.storage.dll', fileVersion: 10.0.22621.900
C:\WINDOWS\SYSTEM32\wintypes.dll:wintypes.dll (00007FF8789D0000), size: 1302528 (result: 0), SymType: '-nosymbols-', PDB: 'C:\WINDOWS\SYSTEM32\wintypes.dll', fileVersion: 10.0.22621.900
C:\WINDOWS\SYSTEM32\profapi.dll:profapi.dll (00007FF87AA00000), size: 135168 (result: 0), SymType: '-nosymbols-', PDB: 'C:\WINDOWS\SYSTEM32\profapi.dll', fileVersion: 10.0.22621.1
C:\WINDOWS\System32\clbcatq.dll:clbcatq.dll (00007FF87CBB0000), size: 749568 (result: 0), SymType: '-nosymbols-', PDB: 'C:\WINDOWS\System32\clbcatq.dll', fileVersion: 2001.12.10941.16384
C:\WINDOWS\System32\netprofm.dll:netprofm.dll (00007FF874FF0000), size: 487424 (result: 0), SymType: '-nosymbols-', PDB: 'C:\WINDOWS\System32\netprofm.dll', fileVersion: 10.0.22621.1
C:\WINDOWS\System32\npmproxy.dll:npmproxy.dll (00007FF873CA0000), size: 98304 (result: 0), SymType: '-nosymbols-', PDB: 'C:\WINDOWS\System32\npmproxy.dll', fileVersion: 10.0.22621.1
C:\WINDOWS\System32\NSI.dll:NSI.dll (00007FF87BDD0000), size: 36864 (result: 0), SymType: '-nosymbols-', PDB: 'C:\WINDOWS\System32\NSI.dll', fileVersion: 10.0.22621.1
C:\WINDOWS\SYSTEM32\dhcpcsvc6.DLL:dhcpcsvc6.DLL (00007FF8749D0000), size: 102400 (result: 0), SymType: '-nosymbols-', PDB: 'C:\WINDOWS\SYSTEM32\dhcpcsvc6.DLL', fileVersion: 10.0.22621.674
C:\WINDOWS\SYSTEM32\dhcpcsvc.DLL:dhcpcsvc.DLL (00007FF8749B0000), size: 126976 (result: 0), SymType: '-nosymbols-', PDB: 'C:\WINDOWS\SYSTEM32\dhcpcsvc.DLL', fileVersion: 10.0.22621.674
C:\WINDOWS\SYSTEM32\DNSAPI.dll:DNSAPI.dll (00007FF8796D0000), size: 991232 (result: 0), SymType: '-nosymbols-', PDB: 'C:\WINDOWS\SYSTEM32\DNSAPI.dll', fileVersion: 10.0.22621.1
C:\WINDOWS\System32\fwpuclnt.dll:fwpuclnt.dll (00007FF874520000), size: 536576 (result: 0), SymType: '-nosymbols-', PDB: 'C:\WINDOWS\System32\fwpuclnt.dll', fileVersion: 10.0.22621.608
C:\Windows\System32\rasadhlp.dll:rasadhlp.dll (00007FF8749A0000), size: 40960 (result: 0), SymType: '-nosymbols-', PDB: 'C:\Windows\System32\rasadhlp.dll', fileVersion: 10.0.22621.1
C:\Program Files\Unity\Hub\Editor\2020.3.26f1\Editor\Data\Tools\astcenc-avx2.dll:astcenc-avx2.dll (00007FF81ADC0000), size: 557056 (result: 0), SymType: '-nosymbols-', PDB: 'C:\Program Files\Unity\Hub\Editor\2020.3.26f1\Editor\Data\Tools\astcenc-avx2.dll'
C:\Projects\Zong-Test-main\Zong-Test-main\Zong-Test\Library\PackageCache\com.unity.xr.oculus@1.11.2\Runtime\x64\AudioPluginOculusSpatializer.dll:AudioPluginOculusSpatializer.dll (00007FFFAB1C0000), size: 4063232 (result: 0), SymType: '-exported-', PDB: 'C:\Projects\Zong-Test-main\Zong-Test-main\Zong-Test\Library\PackageCache\com.unity.xr.oculus@1.11.2\Runtime\x64\AudioPluginOculusSpatializer.dll'
C:\WINDOWS\SYSTEM32\d3d11.dll:d3d11.dll (00007FF876650000), size: 2453504 (result: 0), SymType: '-exported-', PDB: 'C:\WINDOWS\SYSTEM32\d3d11.dll', fileVersion: 10.0.22621.608
C:\WINDOWS\SYSTEM32\dxgi.dll:dxgi.dll (00007FF877C00000), size: 1011712 (result: 0), SymType: '-nosymbols-', PDB: 'C:\WINDOWS\SYSTEM32\dxgi.dll', fileVersion: 10.0.22621.900
C:\WINDOWS\SYSTEM32\directxdatabasehelper.dll:directxdatabasehelper.dll (00007FF874C90000), size: 299008 (result: 0), SymType: '-nosymbols-', PDB: 'C:\WINDOWS\SYSTEM32\directxdatabasehelper.dll', fileVersion: 10.0.22621.963
C:\WINDOWS\SYSTEM32\cryptnet.dll:cryptnet.dll (00007FF873ED0000), size: 204800 (result: 0), SymType: '-nosymbols-', PDB: 'C:\WINDOWS\SYSTEM32\cryptnet.dll', fileVersion: 10.0.22621.1
C:\WINDOWS\SYSTEM32\drvstore.dll:drvstore.dll (00007FF872B90000), size: 1409024 (result: 0), SymType: '-exported-', PDB: 'C:\WINDOWS\SYSTEM32\drvstore.dll', fileVersion: 10.0.22621.1
C:\WINDOWS\SYSTEM32\devobj.dll:devobj.dll (00007FF87A760000), size: 208896 (result: 0), SymType: '-exported-', PDB: 'C:\WINDOWS\SYSTEM32\devobj.dll', fileVersion: 10.0.22621.755
C:\WINDOWS\SYSTEM32\wldp.dll:wldp.dll (00007FF87A380000), size: 299008 (result: 0), SymType: '-nosymbols-', PDB: 'C:\WINDOWS\SYSTEM32\wldp.dll', fileVersion: 10.0.22621.900
C:\WINDOWS\SYSTEM32\cryptbase.dll:cryptbase.dll (00007FF87A2F0000), size: 49152 (result: 0), SymType: '-nosymbols-', PDB: 'C:\WINDOWS\SYSTEM32\cryptbase.dll', fileVersion: 10.0.22621.1
C:\WINDOWS\System32\imagehlp.dll:imagehlp.dll (00007FF87BC30000), size: 126976 (result: 0), SymType: '-nosymbols-', PDB: 'C:\WINDOWS\System32\imagehlp.dll', fileVersion: 10.0.22621.1
C:\WINDOWS\SYSTEM32\CRYPTSP.dll:CRYPTSP.dll (00007FF87A2D0000), size: 110592 (result: 0), SymType: '-nosymbols-', PDB: 'C:\WINDOWS\SYSTEM32\CRYPTSP.dll', fileVersion: 10.0.22621.1
C:\WINDOWS\system32\rsaenh.dll:rsaenh.dll (00007FF879B90000), size: 217088 (result: 0), SymType: '-nosymbols-', PDB: 'C:\WINDOWS\system32\rsaenh.dll', fileVersion: 10.0.22621.1
C:\WINDOWS\system32\nvspcap64.dll:nvspcap64.dll (00007FFFE9780000), size: 2945024 (result: 0), SymType: '-nosymbols-', PDB: 'C:\WINDOWS\system32\nvspcap64.dll', fileVersion: 3.26.0.154
C:\WINDOWS\SYSTEM32\ntmarta.dll:ntmarta.dll (00007FF879C40000), size: 212992 (result: 0), SymType: '-nosymbols-', PDB: 'C:\WINDOWS\SYSTEM32\ntmarta.dll', fileVersion: 10.0.22621.1
C:\WINDOWS\SYSTEM32\D3D10Warp.dll:D3D10Warp.dll (00007FF872470000), size: 7409664 (result: 0), SymType: '-nosymbols-', PDB: 'C:\WINDOWS\SYSTEM32\D3D10Warp.dll', fileVersion: 10.0.22621.608
C:\WINDOWS\system32\wbem\wbemprox.dll:wbemprox.dll (00007FF861D80000), size: 65536 (result: 0), SymType: '-nosymbols-', PDB: 'C:\WINDOWS\system32\wbem\wbemprox.dll', fileVersion: 10.0.22621.1
C:\WINDOWS\SYSTEM32\wbemcomn.dll:wbemcomn.dll (00007FF861D00000), size: 524288 (result: 0), SymType: '-nosymbols-', PDB: 'C:\WINDOWS\SYSTEM32\wbemcomn.dll', fileVersion: 10.0.22621.1
C:\WINDOWS\system32\wbem\wbemsvc.dll:wbemsvc.dll (00007FF85D650000), size: 81920 (result: 0), SymType: '-exported-', PDB: 'C:\WINDOWS\system32\wbem\wbemsvc.dll', fileVersion: 10.0.22621.1
C:\WINDOWS\system32\wbem\fastprox.dll:fastprox.dll (00007FF85D880000), size: 1015808 (result: 0), SymType: '-nosymbols-', PDB: 'C:\WINDOWS\system32\wbem\fastprox.dll', fileVersion: 10.0.22621.608
C:\WINDOWS\SYSTEM32\amsi.dll:amsi.dll (00007FF85D790000), size: 118784 (result: 0), SymType: '-nosymbols-', PDB: 'C:\WINDOWS\SYSTEM32\amsi.dll', fileVersion: 10.0.22621.1
C:\WINDOWS\SYSTEM32\USERENV.dll:USERENV.dll (00007FF87A170000), size: 163840 (result: 0), SymType: '-nosymbols-', PDB: 'C:\WINDOWS\SYSTEM32\USERENV.dll', fileVersion: 10.0.22621.1
C:\ProgramData\Microsoft\Windows Defender\Platform\4.18.2211.5-0\MpOav.dll:MpOav.dll (00007FF85D430000), size: 503808 (result: 0), SymType: '-nosymbols-', PDB: 'C:\ProgramData\Microsoft\Windows Defender\Platform\4.18.2211.5-0\MpOav.dll', fileVersion: 4.18.2211.5
C:\WINDOWS\SYSTEM32\dbghelp.dll:dbghelp.dll (00007FF878350000), size: 2285568 (result: 0), SymType: '-nosymbols-', PDB: 'C:\WINDOWS\SYSTEM32\dbghelp.dll', fileVersion: 10.0.22621.1

========== OUTPUTTING STACK TRACE ==================

  ERROR: SymGetSymFromAddr64, GetLastError: 'Attempt to access invalid address.' (Address: 00007FF6F2EC89D8)
0x00007FF6F2EC89D8 (Unity) (function-name not available)
  ERROR: SymGetSymFromAddr64, GetLastError: 'Attempt to access invalid address.' (Address: 00007FF6F2EC8AF1)
0x00007FF6F2EC8AF1 (Unity) (function-name not available)
  ERROR: SymGetSymFromAddr64, GetLastError: 'Attempt to access invalid address.' (Address: 00007FF6F2ED85F7)
0x00007FF6F2ED85F7 (Unity) (function-name not available)
  ERROR: SymGetSymFromAddr64, GetLastError: 'Attempt to access invalid address.' (Address: 00007FF6F532C8A2)
0x00007FF6F532C8A2 (Unity) (function-name not available)
  ERROR: SymGetSymFromAddr64, GetLastError: 'Attempt to access invalid address.' (Address: 00007FF6F53EFE79)
0x00007FF6F53EFE79 (Unity) (function-name not available)
  ERROR: SymGetSymFromAddr64, GetLastError: 'Attempt to access invalid address.' (Address: 00007FF6F52F9DA8)
0x00007FF6F52F9DA8 (Unity) (function-name not available)
0x00007FF87D753EAF (ntdll) _chkstk
0x00007FF87D6CEAE6 (ntdll) RtlFindCharInUnicodeString
0x00007FF87D752E9E (ntdll) KiUserExceptionDispatcher
  ERROR: SymGetSymFromAddr64, GetLastError: 'Attempt to access invalid address.' (Address: 00007FF6F281D156)
0x00007FF6F281D156 (Unity) (function-name not available)
  ERROR: SymGetSymFromAddr64, GetLastError: 'Attempt to access invalid address.' (Address: 00007FF6F281C92A)
0x00007FF6F281C92A (Unity) (function-name not available)
  ERROR: SymGetSymFromAddr64, GetLastError: 'Attempt to access invalid address.' (Address: 00007FF6F2819174)
0x00007FF6F2819174 (Unity) (function-name not available)
  ERROR: SymGetSymFromAddr64, GetLastError: 'Attempt to access invalid address.' (Address: 00007FF6F2813295)
0x00007FF6F2813295 (Unity) (function-name not available)
  ERROR: SymGetSymFromAddr64, GetLastError: 'Attempt to access invalid address.' (Address: 00007FF6F28180AC)
0x00007FF6F28180AC (Unity) (function-name not available)
  ERROR: SymGetSymFromAddr64, GetLastError: 'Attempt to access invalid address.' (Address: 00007FF6F20DE3BE)
0x00007FF6F20DE3BE (Unity) (function-name not available)
  ERROR: SymGetSymFromAddr64, GetLastError: 'Attempt to access invalid address.' (Address: 00007FF6F20DE509)
0x00007FF6F20DE509 (Unity) (function-name not available)
  ERROR: SymGetSymFromAddr64, GetLastError: 'Attempt to access invalid address.' (Address: 00007FF6F20DE45E)
0x00007FF6F20DE45E (Unity) (function-name not available)
  ERROR: SymGetSymFromAddr64, GetLastError: 'Attempt to access invalid address.' (Address: 00007FF6F4702556)
0x00007FF6F4702556 (Unity) (function-name not available)
  ERROR: SymGetSymFromAddr64, GetLastError: 'Attempt to access invalid address.' (Address: 00007FF6F4702FB9)
0x00007FF6F4702FB9 (Unity) (function-name not available)
  ERROR: SymGetSymFromAddr64, GetLastError: 'Attempt to access invalid address.' (Address: 00007FF6F2C43D1C)
0x00007FF6F2C43D1C (Unity) (function-name not available)
  ERROR: SymGetSymFromAddr64, GetLastError: 'Attempt to access invalid address.' (Address: 00007FF6F2BC6B9C)
0x00007FF6F2BC6B9C (Unity) (function-name not available)
  ERROR: SymGetSymFromAddr64, GetLastError: 'Attempt to access invalid address.' (Address: 00007FF6F46EFC72)
0x00007FF6F46EFC72 (Unity) (function-name not available)
  ERROR: SymGetSymFromAddr64, GetLastError: 'Attempt to access invalid address.' (Address: 00007FF6F46EEE2B)
0x00007FF6F46EEE2B (Unity) (function-name not available)
  ERROR: SymGetSymFromAddr64, GetLastError: 'Attempt to access invalid address.' (Address: 00007FF6F2EB2A0F)
0x00007FF6F2EB2A0F (Unity) (function-name not available)
  ERROR: SymGetSymFromAddr64, GetLastError: 'Attempt to access invalid address.' (Address: 00007FF6F2EB33A2)
0x00007FF6F2EB33A2 (Unity) (function-name not available)
  ERROR: SymGetSymFromAddr64, GetLastError: 'Attempt to access invalid address.' (Address: 00007FF6F2EB3503)
0x00007FF6F2EB3503 (Unity) (function-name not available)
  ERROR: SymGetSymFromAddr64, GetLastError: 'Attempt to access invalid address.' (Address: 00007FF6F2E85F71)
0x00007FF6F2E85F71 (Unity) (function-name not available)
  ERROR: SymGetSymFromAddr64, GetLastError: 'Attempt to access invalid address.' (Address: 00007FF6F2E86AB7)
0x00007FF6F2E86AB7 (Unity) (function-name not available)
  ERROR: SymGetSymFromAddr64, GetLastError: 'Attempt to access invalid address.' (Address: 00007FF6F2E8A0B2)
0x00007FF6F2E8A0B2 (Unity) (function-name not available)
  ERROR: SymGetSymFromAddr64, GetLastError: 'Attempt to access invalid address.' (Address: 00007FF6F2C340B9)
0x00007FF6F2C340B9 (Unity) (function-name not available)
  ERROR: SymGetSymFromAddr64, GetLastError: 'Attempt to access invalid address.' (Address: 00007FF6F2EB2A0F)
0x00007FF6F2EB2A0F (Unity) (function-name not available)
  ERROR: SymGetSymFromAddr64, GetLastError: 'Attempt to access invalid address.' (Address: 00007FF6F2EB33A2)
0x00007FF6F2EB33A2 (Unity) (function-name not available)
  ERROR: SymGetSymFromAddr64, GetLastError: 'Attempt to access invalid address.' (Address: 00007FF6F2EB3503)
0x00007FF6F2EB3503 (Unity) (function-name not available)
  ERROR: SymGetSymFromAddr64, GetLastError: 'Attempt to access invalid address.' (Address: 00007FF6F2E85F71)
0x00007FF6F2E85F71 (Unity) (function-name not available)
  ERROR: SymGetSymFromAddr64, GetLastError: 'Attempt to access invalid address.' (Address: 00007FF6F2E86C17)
0x00007FF6F2E86C17 (Unity) (function-name not available)
  ERROR: SymGetSymFromAddr64, GetLastError: 'Attempt to access invalid address.' (Address: 00007FF6F36CB0DE)
0x00007FF6F36CB0DE (Unity) (function-name not available)
  ERROR: SymGetSymFromAddr64, GetLastError: 'Attempt to access invalid address.' (Address: 00007FF6F2B36812)
0x00007FF6F2B36812 (Unity) (function-name not available)
  ERROR: SymGetSymFromAddr64, GetLastError: 'Attempt to access invalid address.' (Address: 00007FF6F37F21C3)
0x00007FF6F37F21C3 (Unity) (function-name not available)
  ERROR: SymGetSymFromAddr64, GetLastError: 'Attempt to access invalid address.' (Address: 00007FF6F3C47AE2)
0x00007FF6F3C47AE2 (Unity) (function-name not available)
  ERROR: SymGetSymFromAddr64, GetLastError: 'Attempt to access invalid address.' (Address: 00007FF6F52D75E2)
0x00007FF6F52D75E2 (Unity) (function-name not available)
0x00007FF87D1826BD (KERNEL32) BaseThreadInitThunk
0x00007FF87D70DFB8 (ntdll) RtlUserThreadStart

========== END OF STACKTRACE ===========

A crash has been intercepted by the crash handler. For call stack and other details, see the latest crash report generated in:
 * C:/Users/MYPC~1/AppData/Local/Temp/Unity/Editor/Crashes
